 [LOGGER] 2024-07-23 10:16:59.999 AM info : Listening on http://localhost:4000
 [LOGGER] 2024-07-23 10:17:04.946 AM info : Starting a postgresql pool with 5 connections.
 [LOGGER] 2024-07-23 10:17:05.160 AM info : [object Object]
 [LOGGER] 2024-07-23 10:17:05.290 AM info : [object Object]
 [LOGGER] 2024-07-23 10:17:38.735 AM info : [object Object]
 [LOGGER] 2024-07-23 10:17:38.738 AM info : [object Object]
 [LOGGER] 2024-07-23 10:17:38.956 AM info : [object Object]
 [LOGGER] 2024-07-23 10:17:39.090 AM info : [object Object]
 [LOGGER] 2024-07-23 10:17:39.690 AM info : [object Object]
 [LOGGER] 2024-07-23 10:17:39.694 AM info : [object Object]
 [LOGGER] 2024-07-23 10:17:39.856 AM info : [object Object]
 [LOGGER] 2024-07-23 10:17:39.960 AM info : [object Object]
 [LOGGER] 2024-07-23 10:18:01.055 AM info : [object Object]
 [LOGGER] 2024-07-23 10:18:01.059 AM info : [object Object]
 [LOGGER] 2024-07-23 10:18:01.074 AM info : [object Object]
 [LOGGER] 2024-07-23 10:18:01.077 AM info : [object Object]
 [LOGGER] 2024-07-23 10:18:12.828 AM info : [object Object]
 [LOGGER] 2024-07-23 10:18:12.838 AM info : [object Object]
 [LOGGER] 2024-07-23 10:18:12.843 AM info : [object Object]
 [LOGGER] 2024-07-23 10:18:12.853 AM info : [object Object]
 [LOGGER] 2024-07-23 10:18:12.857 AM info : [object Object]
 [LOGGER] 2024-07-23 10:18:12.862 AM info : [object Object]
 [LOGGER] 2024-07-23 10:18:12.871 AM info : [object Object]
 [LOGGER] 2024-07-23 10:18:36.252 AM info : [object Object]
 [LOGGER] 2024-07-23 10:18:36.254 AM info : [object Object]
 [LOGGER] 2024-07-23 10:18:36.259 AM info : [object Object]
 [LOGGER] 2024-07-23 10:18:36.266 AM info : [object Object]
 [LOGGER] 2024-07-23 10:18:36.271 AM info : [object Object]
 [LOGGER] 2024-07-23 10:18:36.274 AM info : [object Object]
 [LOGGER] 2024-07-23 10:18:36.278 AM info : [object Object]
 [LOGGER] 2024-07-23 10:18:36.286 AM info : [object Object]
 [LOGGER] 2024-07-23 10:25:19.147 AM info : [object Object]
 [LOGGER] 2024-07-23 10:25:19.155 AM info : [object Object]
 [LOGGER] 2024-07-23 10:25:19.162 AM info : [object Object]
 [LOGGER] 2024-07-23 10:27:54.327 AM info : Listening on http://localhost:4000
 [LOGGER] 2024-07-23 10:30:44.100 AM info : Starting a postgresql pool with 5 connections.
 [LOGGER] 2024-07-23 10:30:44.179 AM info : [object Object]
 [LOGGER] 2024-07-23 10:30:44.201 AM info : [object Object]
 [LOGGER] 2024-07-23 10:30:44.358 AM info : [object Object]
 [LOGGER] 2024-07-23 10:30:44.382 AM info : [object Object]
 [LOGGER] 2024-07-23 10:30:44.388 AM info : [object Object]
 [LOGGER] 2024-07-23 10:30:44.401 AM info : [object Object]
 [LOGGER] 2024-07-23 10:30:44.418 AM info : [object Object]
 [LOGGER] 2024-07-23 10:30:44.423 AM info : [object Object]
 [LOGGER] 2024-07-23 11:35:58.657 AM info : Listening on http://localhost:4000
 [LOGGER] 2024-07-23 11:36:05.499 AM info : Starting a postgresql pool with 5 connections.
 [LOGGER] 2024-07-23 11:36:05.600 AM info : [object Object]
 [LOGGER] 2024-07-23 11:36:05.611 AM info : [object Object]
 [LOGGER] 2024-07-23 11:36:05.614 AM info : [object Object]
 [LOGGER] 2024-07-23 01:40:24.965 PM info : [object Object]
 [LOGGER] 2024-07-23 01:40:24.968 PM info : [object Object]
 [LOGGER] 2024-07-23 01:45:40.628 PM info : Listening on http://localhost:4000
 [LOGGER] 2024-07-23 01:45:47.403 PM info : Starting a postgresql pool with 5 connections.
 [LOGGER] 2024-07-23 01:45:48.467 PM info : [object Object]
 [LOGGER] 2024-07-23 01:45:48.480 PM info : [object Object]
 [LOGGER] 2024-07-23 01:51:32.767 PM info : [object Object]
 [LOGGER] 2024-07-23 01:51:32.771 PM info : [object Object]
 [LOGGER] 2024-07-23 01:51:38.668 PM info : [object Object]
 [LOGGER] 2024-07-23 01:51:38.671 PM info : [object Object]
 [LOGGER] 2024-07-23 01:52:59.725 PM info : [object Object]
 [LOGGER] 2024-07-23 01:52:59.729 PM info : [object Object]
 [LOGGER] 2024-07-23 01:52:59.732 PM info : [object Object]
 [LOGGER] 2024-07-23 01:53:57.149 PM info : Listening on http://localhost:4000
 [LOGGER] 2024-07-23 01:54:19.311 PM info : Starting a postgresql pool with 5 connections.
 [LOGGER] 2024-07-23 01:54:19.408 PM info : [object Object]
 [LOGGER] 2024-07-23 01:54:19.423 PM info : [object Object]
 [LOGGER] 2024-07-23 02:05:45.647 PM info : [object Object]
 [LOGGER] 2024-07-23 02:05:45.674 PM info : [object Object]
 [LOGGER] 2024-07-23 02:07:25.347 PM info : [object Object]
 [LOGGER] 2024-07-23 02:07:25.352 PM info : [object Object]
 [LOGGER] 2024-07-23 02:07:25.354 PM info : [object Object]
 [LOGGER] 2024-07-23 02:08:56.799 PM info : [object Object]
 [LOGGER] 2024-07-23 02:08:56.811 PM info : [object Object]
 [LOGGER] 2024-07-23 02:08:56.816 PM info : [object Object]
 [LOGGER] 2024-07-23 02:13:04.490 PM info : [object Object]
 [LOGGER] 2024-07-23 02:13:04.517 PM info : [object Object]
 [LOGGER] 2024-07-23 02:13:04.520 PM info : [object Object]
 [LOGGER] 2024-07-23 02:13:19.971 PM info : [object Object]
 [LOGGER] 2024-07-23 02:13:19.981 PM info : [object Object]
 [LOGGER] 2024-07-23 02:13:19.985 PM info : [object Object]
 [LOGGER] 2024-07-23 02:13:26.824 PM info : [object Object]
 [LOGGER] 2024-07-23 02:13:26.832 PM info : [object Object]
 [LOGGER] 2024-07-23 02:13:32.436 PM info : [object Object]
 [LOGGER] 2024-07-23 02:13:32.439 PM info : [object Object]
 [LOGGER] 2024-07-23 02:13:44.916 PM info : [object Object]
 [LOGGER] 2024-07-23 02:13:44.921 PM info : [object Object]
 [LOGGER] 2024-07-23 02:13:44.928 PM info : [object Object]
 [LOGGER] 2024-07-23 02:16:12.479 PM info : [object Object]
 [LOGGER] 2024-07-23 02:16:12.488 PM info : [object Object]
 [LOGGER] 2024-07-23 02:16:12.490 PM info : [object Object]
 [LOGGER] 2024-07-23 02:16:49.683 PM info : [object Object]
 [LOGGER] 2024-07-23 02:16:49.696 PM info : [object Object]
 [LOGGER] 2024-07-23 02:16:49.703 PM info : [object Object]
 [LOGGER] 2024-07-23 02:16:49.706 PM info : [object Object]
 [LOGGER] 2024-07-23 03:55:39.748 PM info : [object Object]
 [LOGGER] 2024-07-23 03:55:39.751 PM info : [object Object]
 [LOGGER] 2024-07-23 03:55:39.753 PM info : [object Object]
 [LOGGER] 2024-07-23 05:34:20.766 PM info : [object Object]
 [LOGGER] 2024-07-23 05:34:20.775 PM info : [object Object]
 [LOGGER] 2024-07-23 05:34:20.779 PM info : [object Object]
